<?xml version="1.0" encoding="UTF-8"?>
<testsuite xmlns:xsi="http://www.w3.org/2001/XMLSchema-instance" xsi:noNamespaceSchemaLocation="https://maven.apache.org/surefire/maven-surefire-plugin/xsd/surefire-test-report-3.0.xsd" version="3.0" name="com.umcsuser.carrent.VehicleValidatorTest" time="0.065" tests="10" errors="0" skipped="0" failures="0">
  <properties>
[...]
</properties>
  <testcase name="shouldPassForValidBus" classname="com.umcsuser.carrent.VehicleValidatorTest" time="0.03"/>
  <testcase name="shouldPassForValidCar" classname="com.umcsuser.carrent.VehicleValidatorTest" time="0.0"/>
  <testcase name="shouldThrowWhenFuelTypeIsBlank" classname="com.umcsuser.carrent.VehicleValidatorTest" time="0.0"/>
  <testcase name="shouldThrowWhenLicenceHasWrongTypeForMotorcycle" classname="com.umcsuser.carrent.VehicleValidatorTest" time="0.016"/>
  <testcase name="shouldThrowWhenAttributeIsNotSupportedForCategory" classname="com.umcsuser.carrent.VehicleValidatorTest" time="0.0"/>
  <testcase name="shouldThrowWhenYearIsNotPositive" classname="com.umcsuser.carrent.VehicleValidatorTest" time="0.0"/>
  <testcase name="shouldThrowWhenVehicleIsNull" classname="com.umcsuser.carrent.VehicleValidatorTest" time="0.0"/>
  <testcase name="shouldThrowWhenFuelTypeIsMissingForCar" classname="com.umcsuser.carrent.VehicleValidatorTest" time="0.0"/>
  <testcase name="shouldThrowWhenPriceIsNegative" classname="com.umcsuser.carrent.VehicleValidatorTest" time="0.0"/>
  <testcase name="shouldThrowWhenSeatsHasWrongTypeForBus" classname="com.umcsuser.carrent.VehicleValidatorTest" time="0.0"/>
</testsuite>